# JRE version: OpenJDK Runtime Environment Temurin-17.0.9+9 (17.0.9+9) (build 17.0.9+9)
# Java VM: OpenJDK 64-Bit Server VM Temurin-17.0.9+9 (17.0.9+9, mixed mode, emulated-client, tiered, compressed oops, compressed class ptrs, g1 gc, windows-amd64)
GC Precious Log:
 CPUs: 4 total, 4 available
 Memory: 11208M
 Large Page Support: Disabled
 NUMA Support: Disabled
 Compressed Oops: Enabled (32-bit)
 Heap Region Size: 1M
 Heap Min Capacity: 8M
 Heap Initial Capacity: 176M
 Heap Max Capacity: 1G
 Pre-touch: Disabled
 Parallel Workers: 4
 Concurrent Workers: 1
 Concurrent Refinement Workers: 4
 Periodic GC: Disabled
Heap:
 garbage-first heap   total 99328K, used 44165K [0x00000000c0000000, 0x0000000100000000)
  region size 1024K, 1 young (1024K), 0 survivors (0K)
 Metaspace       used 62537K, committed 63232K, reserved 1114112K
  class space    used 7559K, committed 7808K, reserved 1048576K
GC Heap History (20 events):
Event: 1858.028 GC heap before
{Heap before GC invocations=178 (full 125):
 garbage-first heap   total 99328K, used 44155K [0x00000000c0000000, 0x0000000100000000)
  region size 1024K, 1 young (1024K), 0 survivors (0K)
 Metaspace       used 62527K, committed 63232K, reserved 1114112K
  class space    used 7557K, committed 7808K, reserved 1048576K
}
Event: 1858.133 GC heap after
{Heap after GC invocations=179 (full 126):
 garbage-first heap   total 99328K, used 44155K [0x00000000c0000000, 0x0000000100000000)
  region size 1024K, 0 young (0K), 0 survivors (0K)
 Metaspace       used 62527K, committed 63232K, reserved 1114112K
  class space    used 7557K, committed 7808K, reserved 1048576K
}
Event: 1871.022 GC heap before
{Heap before GC invocations=179 (full 126):
 garbage-first heap   total 99328K, used 44155K [0x00000000c0000000, 0x0000000100000000)
  region size 1024K, 1 young (1024K), 0 survivors (0K)
 Metaspace       used 62527K, committed 63232K, reserved 1114112K
  class space    used 7557K, committed 7808K, reserved 1048576K
}
Event: 1871.143 GC heap after
{Heap after GC invocations=180 (full 127):
 garbage-first heap   total 99328K, used 44155K [0x00000000c0000000, 0x0000000100000000)
  region size 1024K, 0 young (0K), 0 survivors (0K)
 Metaspace       used 62527K, committed 63232K, reserved 1114112K
  class space    used 7557K, committed 7808K, reserved 1048576K
}
Event: 1882.008 GC heap before
{Heap before GC invocations=180 (full 127):
 garbage-first heap   total 99328K, used 44155K [0x00000000c0000000, 0x0000000100000000)
  region size 1024K, 1 young (1024K), 0 survivors (0K)
 Metaspace       used 62527K, committed 63232K, reserved 1114112K
  class space    used 7557K, committed 7808K, reserved 1048576K
}
Event: 1882.147 GC heap after
{Heap after GC invocations=181 (full 128):
 garbage-first heap   total 99328K, used 44156K [0x00000000c0000000, 0x0000000100000000)
  region size 1024K, 0 young (0K), 0 survivors (0K)
 Metaspace       used 62527K, committed 63232K, reserved 1114112K
  class space    used 7557K, committed 7808K, reserved 1048576K
}
Event: 1893.057 GC heap before
{Heap before GC invocations=181 (full 128):
 garbage-first heap   total 99328K, used 44156K [0x00000000c0000000, 0x0000000100000000)
  region size 1024K, 1 young (1024K), 0 survivors (0K)
 Metaspace       used 62527K, committed 63232K, reserved 1114112K
  class space    used 7557K, committed 7808K, reserved 1048576K
}
Event: 1893.170 GC heap after
{Heap after GC invocations=182 (full 129):
 garbage-first heap   total 99328K, used 44156K [0x00000000c0000000, 0x0000000100000000)
  region size 1024K, 0 young (0K), 0 survivors (0K)
 Metaspace       used 62527K, committed 63232K, reserved 1114112K
  class space    used 7557K, committed 7808K, reserved 1048576K
}
Event: 1903.834 GC heap before
{Heap before GC invocations=182 (full 129):
 garbage-first heap   total 99328K, used 44156K [0x00000000c0000000, 0x0000000100000000)
  region size 1024K, 1 young (1024K), 0 survivors (0K)
 Metaspace       used 62527K, committed 63232K, reserved 1114112K
  class space    used 7557K, committed 7808K, reserved 1048576K
}
Event: 1903.963 GC heap after
{Heap after GC invocations=183 (full 130):
 garbage-first heap   total 99328K, used 44157K [0x00000000c0000000, 0x0000000100000000)
  region size 1024K, 0 young (0K), 0 survivors (0K)
 Metaspace       used 62527K, committed 63232K, reserved 1114112K
  class space    used 7557K, committed 7808K, reserved 1048576K
}
Event: 1914.516 GC heap before
{Heap before GC invocations=183 (full 130):
 garbage-first heap   total 99328K, used 44157K [0x00000000c0000000, 0x0000000100000000)
  region size 1024K, 1 young (1024K), 0 survivors (0K)
 Metaspace       used 62527K, committed 63232K, reserved 1114112K
  class space    used 7557K, committed 7808K, reserved 1048576K
}
Event: 1914.630 GC heap after
{Heap after GC invocations=184 (full 131):
 garbage-first heap   total 99328K, used 44157K [0x00000000c0000000, 0x0000000100000000)
  region size 1024K, 0 young (0K), 0 survivors (0K)
 Metaspace       used 62527K, committed 63232K, reserved 1114112K
  class space    used 7557K, committed 7808K, reserved 1048576K
}
Event: 1925.310 GC heap before
{Heap before GC invocations=184 (full 131):
 garbage-first heap   total 99328K, used 44157K [0x00000000c0000000, 0x0000000100000000)
  region size 1024K, 1 young (1024K), 0 survivors (0K)
 Metaspace       used 62527K, committed 63232K, reserved 1114112K
  class space    used 7557K, committed 7808K, reserved 1048576K
}
Event: 1925.422 GC heap after
{Heap after GC invocations=185 (full 132):
 garbage-first heap   total 99328K, used 44157K [0x00000000c0000000, 0x0000000100000000)
  region size 1024K, 0 young (0K), 0 survivors (0K)
 Metaspace       used 62527K, committed 63232K, reserved 1114112K
  class space    used 7557K, committed 7808K, reserved 1048576K
}
Event: 1935.955 GC heap before
{Heap before GC invocations=185 (full 132):
 garbage-first heap   total 99328K, used 44157K [0x00000000c0000000, 0x0000000100000000)
  region size 1024K, 1 young (1024K), 0 survivors (0K)
 Metaspace       used 62527K, committed 63232K, reserved 1114112K
  class space    used 7557K, committed 7808K, reserved 1048576K
}
Event: 1936.080 GC heap after
{Heap after GC invocations=186 (full 133):
 garbage-first heap   total 99328K, used 44157K [0x00000000c0000000, 0x0000000100000000)
  region size 1024K, 0 young (0K), 0 survivors (0K)
 Metaspace       used 62527K, committed 63232K, reserved 1114112K
  class space    used 7557K, committed 7808K, reserved 1048576K
}
Event: 1946.891 GC heap before
{Heap before GC invocations=186 (full 133):
 garbage-first heap   total 99328K, used 44157K [0x00000000c0000000, 0x0000000100000000)
  region size 1024K, 1 young (1024K), 0 survivors (0K)
 Metaspace       used 62527K, committed 63232K, reserved 1114112K
  class space    used 7557K, committed 7808K, reserved 1048576K
}
Event: 1947.014 GC heap after
{Heap after GC invocations=187 (full 134):
 garbage-first heap   total 99328K, used 44157K [0x00000000c0000000, 0x0000000100000000)
  region size 1024K, 0 young (0K), 0 survivors (0K)
 Metaspace       used 62527K, committed 63232K, reserved 1114112K
  class space    used 7557K, committed 7808K, reserved 1048576K
}
Event: 1957.753 GC heap before
{Heap before GC invocations=187 (full 134):
 garbage-first heap   total 99328K, used 44157K [0x00000000c0000000, 0x0000000100000000)
  region size 1024K, 1 young (1024K), 0 survivors (0K)
 Metaspace       used 62537K, committed 63232K, reserved 1114112K
  class space    used 7559K, committed 7808K, reserved 1048576K
}
Event: 1957.894 GC heap after
{Heap after GC invocations=188 (full 135):
 garbage-first heap   total 99328K, used 44165K [0x00000000c0000000, 0x0000000100000000)
  region size 1024K, 0 young (0K), 0 survivors (0K)
 Metaspace       used 62537K, committed 63232K, reserved 1114112K
  class space    used 7559K, committed 7808K, reserved 1048576K
}

