# JRE version: OpenJDK Runtime Environment Temurin-17.0.9+9 (17.0.9+9) (build 17.0.9+9)
# Java VM: OpenJDK 64-Bit Server VM Temurin-17.0.9+9 (17.0.9+9, mixed mode, emulated-client, tiered, compressed oops, compressed class ptrs, g1 gc, windows-amd64)
GC Precious Log:
 CPUs: 4 total, 4 available
 Memory: 11208M
 Large Page Support: Disabled
 NUMA Support: Disabled
 Compressed Oops: Enabled (32-bit)
 Heap Region Size: 1M
 Heap Min Capacity: 8M
 Heap Initial Capacity: 176M
 Heap Max Capacity: 1G
 Pre-touch: Disabled
 Parallel Workers: 4
 Concurrent Workers: 1
 Concurrent Refinement Workers: 4
 Periodic GC: Disabled
Heap:
 garbage-first heap   total 133120K, used 39045K [0x00000000c0000000, 0x0000000100000000)
  region size 1024K, 1 young (1024K), 0 survivors (0K)
 Metaspace       used 61507K, committed 62208K, reserved 1114112K
  class space    used 7413K, committed 7680K, reserved 1048576K
GC Heap History (20 events):
Event: 528.384 GC heap before
{Heap before GC invocations=54 (full 21):
 garbage-first heap   total 133120K, used 39043K [0x00000000c0000000, 0x0000000100000000)
  region size 1024K, 1 young (1024K), 0 survivors (0K)
 Metaspace       used 61507K, committed 62208K, reserved 1114112K
  class space    used 7413K, committed 7680K, reserved 1048576K
}
Event: 528.476 GC heap after
{Heap after GC invocations=55 (full 22):
 garbage-first heap   total 133120K, used 39043K [0x00000000c0000000, 0x0000000100000000)
  region size 1024K, 0 young (0K), 0 survivors (0K)
 Metaspace       used 61507K, committed 62208K, reserved 1114112K
  class space    used 7413K, committed 7680K, reserved 1048576K
}
Event: 540.006 GC heap before
{Heap before GC invocations=55 (full 22):
 garbage-first heap   total 133120K, used 39043K [0x00000000c0000000, 0x0000000100000000)
  region size 1024K, 1 young (1024K), 0 survivors (0K)
 Metaspace       used 61507K, committed 62208K, reserved 1114112K
  class space    used 7413K, committed 7680K, reserved 1048576K
}
Event: 540.105 GC heap after
{Heap after GC invocations=56 (full 23):
 garbage-first heap   total 133120K, used 39043K [0x00000000c0000000, 0x0000000100000000)
  region size 1024K, 0 young (0K), 0 survivors (0K)
 Metaspace       used 61507K, committed 62208K, reserved 1114112K
  class space    used 7413K, committed 7680K, reserved 1048576K
}
Event: 550.891 GC heap before
{Heap before GC invocations=56 (full 23):
 garbage-first heap   total 133120K, used 39043K [0x00000000c0000000, 0x0000000100000000)
  region size 1024K, 1 young (1024K), 0 survivors (0K)
 Metaspace       used 61507K, committed 62208K, reserved 1114112K
  class space    used 7413K, committed 7680K, reserved 1048576K
}
Event: 550.976 GC heap after
{Heap after GC invocations=57 (full 24):
 garbage-first heap   total 133120K, used 39043K [0x00000000c0000000, 0x0000000100000000)
  region size 1024K, 0 young (0K), 0 survivors (0K)
 Metaspace       used 61507K, committed 62208K, reserved 1114112K
  class space    used 7413K, committed 7680K, reserved 1048576K
}
Event: 561.803 GC heap before
{Heap before GC invocations=57 (full 24):
 garbage-first heap   total 133120K, used 39043K [0x00000000c0000000, 0x0000000100000000)
  region size 1024K, 1 young (1024K), 0 survivors (0K)
 Metaspace       used 61507K, committed 62208K, reserved 1114112K
  class space    used 7413K, committed 7680K, reserved 1048576K
}
Event: 561.872 GC heap after
{Heap after GC invocations=58 (full 25):
 garbage-first heap   total 133120K, used 39043K [0x00000000c0000000, 0x0000000100000000)
  region size 1024K, 0 young (0K), 0 survivors (0K)
 Metaspace       used 61507K, committed 62208K, reserved 1114112K
  class space    used 7413K, committed 7680K, reserved 1048576K
}
Event: 572.442 GC heap before
{Heap before GC invocations=58 (full 25):
 garbage-first heap   total 133120K, used 39043K [0x00000000c0000000, 0x0000000100000000)
  region size 1024K, 1 young (1024K), 0 survivors (0K)
 Metaspace       used 61507K, committed 62208K, reserved 1114112K
  class space    used 7413K, committed 7680K, reserved 1048576K
}
Event: 572.522 GC heap after
{Heap after GC invocations=59 (full 26):
 garbage-first heap   total 133120K, used 39044K [0x00000000c0000000, 0x0000000100000000)
  region size 1024K, 0 young (0K), 0 survivors (0K)
 Metaspace       used 61507K, committed 62208K, reserved 1114112K
  class space    used 7413K, committed 7680K, reserved 1048576K
}
Event: 583.405 GC heap before
{Heap before GC invocations=59 (full 26):
 garbage-first heap   total 133120K, used 39044K [0x00000000c0000000, 0x0000000100000000)
  region size 1024K, 1 young (1024K), 0 survivors (0K)
 Metaspace       used 61507K, committed 62208K, reserved 1114112K
  class space    used 7413K, committed 7680K, reserved 1048576K
}
Event: 583.478 GC heap after
{Heap after GC invocations=60 (full 27):
 garbage-first heap   total 133120K, used 39044K [0x00000000c0000000, 0x0000000100000000)
  region size 1024K, 0 young (0K), 0 survivors (0K)
 Metaspace       used 61507K, committed 62208K, reserved 1114112K
  class space    used 7413K, committed 7680K, reserved 1048576K
}
Event: 594.207 GC heap before
{Heap before GC invocations=60 (full 27):
 garbage-first heap   total 133120K, used 39044K [0x00000000c0000000, 0x0000000100000000)
  region size 1024K, 1 young (1024K), 0 survivors (0K)
 Metaspace       used 61507K, committed 62208K, reserved 1114112K
  class space    used 7413K, committed 7680K, reserved 1048576K
}
Event: 594.291 GC heap after
{Heap after GC invocations=61 (full 28):
 garbage-first heap   total 133120K, used 39044K [0x00000000c0000000, 0x0000000100000000)
  region size 1024K, 0 young (0K), 0 survivors (0K)
 Metaspace       used 61507K, committed 62208K, reserved 1114112K
  class space    used 7413K, committed 7680K, reserved 1048576K
}
Event: 604.915 GC heap before
{Heap before GC invocations=61 (full 28):
 garbage-first heap   total 133120K, used 39044K [0x00000000c0000000, 0x0000000100000000)
  region size 1024K, 1 young (1024K), 0 survivors (0K)
 Metaspace       used 61507K, committed 62208K, reserved 1114112K
  class space    used 7413K, committed 7680K, reserved 1048576K
}
Event: 604.969 GC heap after
{Heap after GC invocations=62 (full 29):
 garbage-first heap   total 133120K, used 39045K [0x00000000c0000000, 0x0000000100000000)
  region size 1024K, 0 young (0K), 0 survivors (0K)
 Metaspace       used 61507K, committed 62208K, reserved 1114112K
  class space    used 7413K, committed 7680K, reserved 1048576K
}
Event: 615.444 GC heap before
{Heap before GC invocations=62 (full 29):
 garbage-first heap   total 133120K, used 39045K [0x00000000c0000000, 0x0000000100000000)
  region size 1024K, 1 young (1024K), 0 survivors (0K)
 Metaspace       used 61507K, committed 62208K, reserved 1114112K
  class space    used 7413K, committed 7680K, reserved 1048576K
}
Event: 615.514 GC heap after
{Heap after GC invocations=63 (full 30):
 garbage-first heap   total 133120K, used 39045K [0x00000000c0000000, 0x0000000100000000)
  region size 1024K, 0 young (0K), 0 survivors (0K)
 Metaspace       used 61507K, committed 62208K, reserved 1114112K
  class space    used 7413K, committed 7680K, reserved 1048576K
}
Event: 626.649 GC heap before
{Heap before GC invocations=63 (full 30):
 garbage-first heap   total 133120K, used 39045K [0x00000000c0000000, 0x0000000100000000)
  region size 1024K, 1 young (1024K), 0 survivors (0K)
 Metaspace       used 61507K, committed 62208K, reserved 1114112K
  class space    used 7413K, committed 7680K, reserved 1048576K
}
Event: 626.743 GC heap after
{Heap after GC invocations=64 (full 31):
 garbage-first heap   total 133120K, used 39045K [0x00000000c0000000, 0x0000000100000000)
  region size 1024K, 0 young (0K), 0 survivors (0K)
 Metaspace       used 61507K, committed 62208K, reserved 1114112K
  class space    used 7413K, committed 7680K, reserved 1048576K
}

